# JRE version: Java(TM) SE Runtime Environment 18.9 (11.0.19+9) (build 11.0.19+9-LTS-224)
# Java VM: Java HotSpot(TM) 64-Bit Server VM 18.9 (11.0.19+9-LTS-224, mixed mode, tiered, compressed oops, g1 gc, windows-amd64)
Heap:
 garbage-first heap   total 76800K, used 28377K [0x00000000c3200000, 0x0000000100000000)
  region size 1024K, 16 young (16384K), 5 survivors (5120K)
 Metaspace       used 41853K, capacity 42930K, committed 43056K, reserved 1087488K
  class space    used 5115K, capacity 5583K, committed 5680K, reserved 1048576K
GC Heap History (10 events):
Event: 5.615 GC heap before
{Heap before GC invocations=6 (full 0):
 garbage-first heap   total 63488K, used 43524K [0x00000000c3200000, 0x0000000100000000)
  region size 1024K, 35 young (35840K), 3 survivors (3072K)
 Metaspace       used 25786K, capacity 26409K, committed 26544K, reserved 1073152K
  class space    used 3010K, capacity 3226K, committed 3248K, reserved 1048576K
}
Event: 5.625 GC heap after
{Heap after GC invocations=7 (full 0):
 garbage-first heap   total 63488K, used 12148K [0x00000000c3200000, 0x0000000100000000)
  region size 1024K, 4 young (4096K), 4 survivors (4096K)
 Metaspace       used 25786K, capacity 26409K, committed 26544K, reserved 1073152K
  class space    used 3010K, capacity 3226K, committed 3248K, reserved 1048576K
}
Event: 6.420 GC heap before
{Heap before GC invocations=7 (full 0):
 garbage-first heap   total 63488K, used 42868K [0x00000000c3200000, 0x0000000100000000)
  region size 1024K, 35 young (35840K), 4 survivors (4096K)
 Metaspace       used 29532K, capacity 30221K, committed 30384K, reserved 1075200K
  class space    used 3457K, capacity 3736K, committed 3760K, reserved 1048576K
}
Event: 6.431 GC heap after
{Heap after GC invocations=8 (full 0):
 garbage-first heap   total 76800K, used 13508K [0x00000000c3200000, 0x0000000100000000)
  region size 1024K, 4 young (4096K), 4 survivors (4096K)
 Metaspace       used 29532K, capacity 30221K, committed 30384K, reserved 1075200K
  class space    used 3457K, capacity 3736K, committed 3760K, reserved 1048576K
}
Event: 7.662 GC heap before
{Heap before GC invocations=8 (full 0):
 garbage-first heap   total 76800K, used 50372K [0x00000000c3200000, 0x0000000100000000)
  region size 1024K, 41 young (41984K), 4 survivors (4096K)
 Metaspace       used 32782K, capacity 33515K, committed 33712K, reserved 1079296K
  class space    used 3828K, capacity 4150K, committed 4272K, reserved 1048576K
}
Event: 7.680 GC heap after
{Heap after GC invocations=9 (full 0):
 garbage-first heap   total 76800K, used 14959K [0x00000000c3200000, 0x0000000100000000)
  region size 1024K, 5 young (5120K), 5 survivors (5120K)
 Metaspace       used 32782K, capacity 33515K, committed 33712K, reserved 1079296K
  class space    used 3828K, capacity 4150K, committed 4272K, reserved 1048576K
}
Event: 8.620 GC heap before
{Heap before GC invocations=9 (full 0):
 garbage-first heap   total 76800K, used 36463K [0x00000000c3200000, 0x0000000100000000)
  region size 1024K, 27 young (27648K), 5 survivors (5120K)
 Metaspace       used 34994K, capacity 35762K, committed 35888K, reserved 1081344K
  class space    used 4236K, capacity 4564K, committed 4656K, reserved 1048576K
}
Event: 8.635 GC heap after
{Heap after GC invocations=10 (full 0):
 garbage-first heap   total 76800K, used 15817K [0x00000000c3200000, 0x0000000100000000)
  region size 1024K, 4 young (4096K), 4 survivors (4096K)
 Metaspace       used 34994K, capacity 35762K, committed 35888K, reserved 1081344K
  class space    used 4236K, capacity 4564K, committed 4656K, reserved 1048576K
}
Event: 14.151 GC heap before
{Heap before GC invocations=11 (full 0):
 garbage-first heap   total 76800K, used 56777K [0x00000000c3200000, 0x0000000100000000)
  region size 1024K, 44 young (45056K), 4 survivors (4096K)
 Metaspace       used 40565K, capacity 41592K, committed 41904K, reserved 1085440K
  class space    used 4995K, capacity 5415K, committed 5552K, reserved 1048576K
}
Event: 14.175 GC heap after
{Heap after GC invocations=12 (full 0):
 garbage-first heap   total 76800K, used 18137K [0x00000000c3200000, 0x0000000100000000)
  region size 1024K, 5 young (5120K), 5 survivors (5120K)
 Metaspace       used 40565K, capacity 41592K, committed 41904K, reserved 1085440K
  class space    used 4995K, capacity 5415K, committed 5552K, reserved 1048576K
}

