# JRE version: Java(TM) SE Runtime Environment 18.9 (11.0.19+9) (build 11.0.19+9-LTS-224)
# Java VM: Java HotSpot(TM) 64-Bit Server VM 18.9 (11.0.19+9-LTS-224, mixed mode, tiered, compressed oops, g1 gc, windows-amd64)
Heap:
 garbage-first heap   total 77824K, used 26857K [0x00000000c3200000, 0x0000000100000000)
  region size 1024K, 20 young (20480K), 3 survivors (3072K)
 Metaspace       used 23072K, capacity 23655K, committed 23728K, reserved 1071104K
  class space    used 2740K, capacity 2949K, committed 2992K, reserved 1048576K
GC Heap History (10 events):
Event: 1.413 GC heap before
{Heap before GC invocations=0 (full 0):
 garbage-first heap   total 63488K, used 14336K [0x00000000c3200000, 0x0000000100000000)
  region size 1024K, 14 young (14336K), 0 survivors (0K)
 Metaspace       used 8860K, capacity 9036K, committed 9344K, reserved 1058816K
  class space    used 793K, capacity 837K, committed 896K, reserved 1048576K
}
Event: 1.424 GC heap after
{Heap after GC invocations=1 (full 0):
 garbage-first heap   total 63488K, used 7383K [0x00000000c3200000, 0x0000000100000000)
  region size 1024K, 2 young (2048K), 2 survivors (2048K)
 Metaspace       used 8860K, capacity 9036K, committed 9344K, reserved 1058816K
  class space    used 793K, capacity 837K, committed 896K, reserved 1048576K
}
Event: 1.948 GC heap before
{Heap before GC invocations=1 (full 0):
 garbage-first heap   total 63488K, used 16599K [0x00000000c3200000, 0x0000000100000000)
  region size 1024K, 11 young (11264K), 2 survivors (2048K)
 Metaspace       used 11115K, capacity 11328K, committed 11392K, reserved 1058816K
  class space    used 1054K, capacity 1137K, committed 1152K, reserved 1048576K
}
Event: 1.956 GC heap after
{Heap after GC invocations=2 (full 0):
 garbage-first heap   total 63488K, used 8267K [0x00000000c3200000, 0x0000000100000000)
  region size 1024K, 1 young (1024K), 1 survivors (1024K)
 Metaspace       used 11115K, capacity 11328K, committed 11392K, reserved 1058816K
  class space    used 1054K, capacity 1137K, committed 1152K, reserved 1048576K
}
Event: 2.703 GC heap before
{Heap before GC invocations=2 (full 0):
 garbage-first heap   total 63488K, used 28747K [0x00000000c3200000, 0x0000000100000000)
  region size 1024K, 21 young (21504K), 1 survivors (1024K)
 Metaspace       used 16338K, capacity 16717K, committed 17024K, reserved 1064960K
  class space    used 1714K, capacity 1866K, committed 1920K, reserved 1048576K
}
Event: 2.711 GC heap after
{Heap after GC invocations=3 (full 0):
 garbage-first heap   total 63488K, used 9419K [0x00000000c3200000, 0x0000000100000000)
  region size 1024K, 2 young (2048K), 2 survivors (2048K)
 Metaspace       used 16338K, capacity 16717K, committed 17024K, reserved 1064960K
  class space    used 1714K, capacity 1866K, committed 1920K, reserved 1048576K
}
Event: 3.387 GC heap before
{Heap before GC invocations=3 (full 0):
 garbage-first heap   total 63488K, used 31947K [0x00000000c3200000, 0x0000000100000000)
  region size 1024K, 24 young (24576K), 2 survivors (2048K)
 Metaspace       used 19925K, capacity 20392K, committed 20608K, reserved 1067008K
  class space    used 2221K, capacity 2417K, committed 2432K, reserved 1048576K
}
Event: 3.432 GC heap after
{Heap after GC invocations=4 (full 0):
 garbage-first heap   total 63488K, used 10171K [0x00000000c3200000, 0x0000000100000000)
  region size 1024K, 3 young (3072K), 3 survivors (3072K)
 Metaspace       used 19925K, capacity 20392K, committed 20608K, reserved 1067008K
  class space    used 2221K, capacity 2417K, committed 2432K, reserved 1048576K
}
Event: 3.570 GC heap before
{Heap before GC invocations=4 (full 0):
 garbage-first heap   total 63488K, used 15291K [0x00000000c3200000, 0x0000000100000000)
  region size 1024K, 9 young (9216K), 3 survivors (3072K)
 Metaspace       used 20709K, capacity 21225K, committed 21296K, reserved 1069056K
  class space    used 2335K, capacity 2564K, committed 2608K, reserved 1048576K
}
Event: 3.575 GC heap after
{Heap after GC invocations=5 (full 0):
 garbage-first heap   total 77824K, used 10473K [0x00000000c3200000, 0x0000000100000000)
  region size 1024K, 3 young (3072K), 3 survivors (3072K)
 Metaspace       used 20709K, capacity 21225K, committed 21296K, reserved 1069056K
  class space    used 2335K, capacity 2564K, committed 2608K, reserved 1048576K
}

